[debug] [2020-04-01T07:42:45.492Z] ----------------------------------------------------------------------
[debug] [2020-04-01T07:42:45.493Z] Command:       C:\Program Files\nodejs\node.exe C:\Users\james\AppData\Roaming\npm\node_modules\firebase-tools\lib\bin\firebase.js deploy
[debug] [2020-04-01T07:42:45.493Z] CLI Version:   7.16.1
[debug] [2020-04-01T07:42:45.494Z] Platform:      win32
[debug] [2020-04-01T07:42:45.494Z] Node Version:  v13.11.0
[debug] [2020-04-01T07:42:45.494Z] Time:          Wed Apr 01 2020 08:42:45 GMT+0100 (British Summer Time)
[debug] [2020-04-01T07:42:45.494Z] ----------------------------------------------------------------------
[debug] [2020-04-01T07:42:45.494Z] 
[debug] [2020-04-01T07:42:45.501Z] > command requires scopes: ["email","openid","https://www.googleapis.com/auth/cloudplatformprojects.readonly","https://www.googleapis.com/auth/firebase","https://www.googleapis.com/auth/cloud-platform"]
[debug] [2020-04-01T07:42:45.501Z] > authorizing via signed-in user
[debug] [2020-04-01T07:42:45.501Z] [iam] checking project portfolio-79d5a for permissions ["firebase.projects.get","firebasehosting.sites.update"]
[debug] [2020-04-01T07:42:45.503Z] >>> HTTP REQUEST POST https://cloudresourcemanager.googleapis.com/v1/projects/portfolio-79d5a:testIamPermissions  

[debug] [2020-04-01T07:42:46.256Z] <<< HTTP RESPONSE 200
[debug] [2020-04-01T07:42:46.258Z] >>> HTTP REQUEST GET https://firebase.googleapis.com/v1beta1/projects/portfolio-79d5a  
 
[debug] [2020-04-01T07:42:46.481Z] <<< HTTP RESPONSE 200
[info] 
[info] === Deploying to 'portfolio-79d5a'...
[info] 
[info] i  deploying hosting
[debug] [2020-04-01T07:42:46.485Z] >>> HTTP REQUEST POST https://firebasehosting.googleapis.com/v1beta1/sites/portfolio-79d5a/versions  

